<?xml version="1.0" encoding="UTF-8"?>
<!-- Generated by org.testng.reporters.JUnitReportReporter -->
<testsuite skipped="0" hostname="Imtiyaz-PC" name="step_definitions.RunCukesTest" tests="1" failures="0" timestamp="2020-08-13T14:46:19 IST" time="0.174" errors="0">
  <testcase name="feature" time="0.174" classname="step_definitions.RunCukesTest"/>
  <system-out/>
</testsuite> <!-- step_definitions.RunCukesTest -->
