<?xml version="1.0" encoding="UTF-8"?>
<!-- Generated by org.testng.reporters.JUnitReportReporter -->
<testsuite hostname="Imtiyaz-PC" name="com.finder.stepdefinitions.RunCukesTest" tests="1" failures="0" timestamp="26 Sep 2020 05:19:48 GMT" time="137.412" errors="0">
  <testcase name="feature" time="137.412" classname="com.finder.stepdefinitions.RunCukesTest"/>
</testsuite> <!-- com.finder.stepdefinitions.RunCukesTest -->
